  string.cpp
c:\users\mike\documents\visual studio 2015\projects\consoleapplication12\consoleapplication12\string.cpp(54): warning C4101: 'index': unreferenced local variable
c:\users\mike\documents\visual studio 2015\projects\consoleapplication12\consoleapplication12\string.cpp(251): error C2275: 'std::string': illegal use of this type as an expression
  c:\program files (x86)\microsoft visual studio 14.0\vc\include\xstring(2634): note: see declaration of 'std::string'
  string c.cpp
c:\users\mike\documents\visual studio 2015\projects\consoleapplication12\consoleapplication12\string c.cpp(17): warning C4018: '<': signed/unsigned mismatch
  string bcpp.cpp
c:\users\mike\documents\visual studio 2015\projects\consoleapplication12\consoleapplication12\string bcpp.cpp(20): error C2061: syntax error: identifier 'vector'
c:\users\mike\documents\visual studio 2015\projects\consoleapplication12\consoleapplication12\string bcpp.cpp(41): error C2065: 'cout': undeclared identifier
c:\users\mike\documents\visual studio 2015\projects\consoleapplication12\consoleapplication12\string bcpp.cpp(46): error C2065: 's': undeclared identifier
c:\users\mike\documents\visual studio 2015\projects\consoleapplication12\consoleapplication12\string bcpp.cpp(46): error C2672: 'getline': no matching overloaded function found
c:\users\mike\documents\visual studio 2015\projects\consoleapplication12\consoleapplication12\string bcpp.cpp(46): error C2780: 'std::basic_istream<_Elem,_Traits> &std::getline(std::basic_istream<_Elem,_Traits> &,std::basic_string<_Elem,_Traits,_Alloc> &)': expects 2 arguments - 1 provided
  c:\program files (x86)\microsoft visual studio 14.0\vc\include\string(157): note: see declaration of 'std::getline'
c:\users\mike\documents\visual studio 2015\projects\consoleapplication12\consoleapplication12\string bcpp.cpp(46): error C2780: 'std::basic_istream<_Elem,_Traits> &std::getline(std::basic_istream<_Elem,_Traits> &,std::basic_string<_Elem,_Traits,_Alloc> &,const _Elem)': expects 3 arguments - 1 provided
  c:\program files (x86)\microsoft visual studio 14.0\vc\include\string(146): note: see declaration of 'std::getline'
c:\users\mike\documents\visual studio 2015\projects\consoleapplication12\consoleapplication12\string bcpp.cpp(46): error C2780: 'std::basic_istream<_Elem,_Traits> &std::getline(std::basic_istream<_Elem,_Traits> &&,std::basic_string<_Elem,_Traits,_Alloc> &)': expects 2 arguments - 1 provided
  c:\program files (x86)\microsoft visual studio 14.0\vc\include\string(126): note: see declaration of 'std::getline'
c:\users\mike\documents\visual studio 2015\projects\consoleapplication12\consoleapplication12\string bcpp.cpp(46): error C2780: 'std::basic_istream<_Elem,_Traits> &std::getline(std::basic_istream<_Elem,_Traits> &&,std::basic_string<_Elem,_Traits,_Alloc> &,const _Elem)': expects 3 arguments - 1 provided
  c:\program files (x86)\microsoft visual studio 14.0\vc\include\string(73): note: see declaration of 'std::getline'
c:\users\mike\documents\visual studio 2015\projects\consoleapplication12\consoleapplication12\string bcpp.cpp(47): error C2065: 'cout': undeclared identifier
c:\users\mike\documents\visual studio 2015\projects\consoleapplication12\consoleapplication12\string bcpp.cpp(51): error C2065: 'cout': undeclared identifier
c:\users\mike\documents\visual studio 2015\projects\consoleapplication12\consoleapplication12\string bcpp.cpp(52): error C2065: 's': undeclared identifier
  Generating Code...
